2021-05-03 21:07:55,540 INFO o.a.j.u.JMeterUtils: Setting Locale to en_EN
2021-05-03 21:07:55,563 INFO o.a.j.JMeter: Loading user properties from: C:\R\apache-jmeter-5.3\bin\user.properties
2021-05-03 21:07:55,565 INFO o.a.j.JMeter: Loading system properties from: C:\R\apache-jmeter-5.3\bin\system.properties
2021-05-03 21:07:55,567 INFO o.a.j.JMeter: Copyright (c) 1998-2020 The Apache Software Foundation
2021-05-03 21:07:55,567 INFO o.a.j.JMeter: Version 5.3
2021-05-03 21:07:55,567 INFO o.a.j.JMeter: java.version=13.0.2
2021-05-03 21:07:55,567 INFO o.a.j.JMeter: java.vm.name=Java HotSpot(TM) 64-Bit Server VM
2021-05-03 21:07:55,567 INFO o.a.j.JMeter: os.name=Windows 10
2021-05-03 21:07:55,567 INFO o.a.j.JMeter: os.arch=amd64
2021-05-03 21:07:55,567 INFO o.a.j.JMeter: os.version=10.0
2021-05-03 21:07:55,568 INFO o.a.j.JMeter: file.encoding=Cp1252
2021-05-03 21:07:55,568 INFO o.a.j.JMeter: java.awt.headless=null
2021-05-03 21:07:55,568 INFO o.a.j.JMeter: Max memory     =1073741824
2021-05-03 21:07:55,568 INFO o.a.j.JMeter: Available Processors =8
2021-05-03 21:07:55,576 INFO o.a.j.JMeter: Default Locale=English (EN)
2021-05-03 21:07:55,577 INFO o.a.j.JMeter: JMeter  Locale=English (EN)
2021-05-03 21:07:55,577 INFO o.a.j.JMeter: JMeterHome=C:\R\apache-jmeter-5.3
2021-05-03 21:07:55,577 INFO o.a.j.JMeter: user.dir  =C:\R\apache-jmeter-5.3
2021-05-03 21:07:55,577 INFO o.a.j.JMeter: PWD       =C:\R\apache-jmeter-5.3
2021-05-03 21:07:55,692 INFO o.a.j.JMeter: IP: 192.168.0.110 Name: PrateekMS FullName: 192.168.0.110
2021-05-03 21:07:55,806 INFO o.a.j.JMeter: Setting LAF to: com.github.weisj.darklaf.DarkLaf:com.github.weisj.darklaf.theme.DarculaTheme
2021-05-03 21:07:56,038 INFO o.a.j.JMeter: Loaded icon properties from org/apache/jmeter/images/icon.properties
2021-05-03 21:07:57,151 WARN o.j.r.PluginManager: Found JAR conflict: C:\R\apache-jmeter-5.3\lib\ext\jmeter-plugins-manager-1.6.jar and C:\R\apache-jmeter-5.3\lib\ext\jmeter-plugins-manager-1.4.jar
2021-05-03 21:07:58,059 INFO o.j.r.JARSourceHTTP: Found cached repo
2021-05-03 21:07:58,219 INFO o.j.r.PluginManager: Plugins Status: [jpgc-plugins-manager=1.4, jpgc-webdriver=3.3, jmeter-core=5.3, jmeter-ftp=5.3, jmeter-http=5.3, jmeter-jdbc=5.3, jmeter-jms=5.3, jmeter-junit=5.3, jmeter-java=5.3, jmeter-ldap=5.3, jmeter-mail=5.3, jmeter-mongodb=5.3, jmeter-native=5.3, jmeter-tcp=5.3, jmeter-components=5.3]
2021-05-03 21:07:58,222 INFO o.j.r.PluginManagerMenuItem: Plugins Manager has upgrades: [jpgc-plugins-manager]
